<?xml version="1.0" encoding="UTF-8"?>
<testsuite name="TestCrawling" tests="1" skipped="0" failures="0" errors="0" timestamp="2020-09-26T17:32:56" hostname="DESKTOP-L5O6DA4" time="1.665">
  <properties/>
  <testcase name="testSearch" classname="TestCrawling" time="1.665"/>
  <system-out><![CDATA[Google 지도 When you have eliminated the JavaScript, whatever remains must be an empty page. Google 지도를 보려면 자바스크립트를 사용 설정하세요.
]]></system-out>
  <system-err><![CDATA[]]></system-err>
</testsuite>
